[2023-09-27 19:59:28] local.INFO: SKU Correlacionado DE:*03-300280/ PARA:159847p  
[2023-09-27 19:59:28] local.ERROR: *03-3306  
[2023-09-27 19:59:28] local.INFO: SKU Correlacionado DE:*03-400280/ PARA:159848p  
[2023-09-27 19:59:28] local.INFO: SKU Correlacionado DE:*03-500280/ PARA:159849p  
[2023-09-27 19:59:28] local.INFO: SKU Correlacionado DE:*03-600280/ PARA:159850p  
[2023-09-27 19:59:28] local.INFO: SKU Correlacionado DE:*03-700280/ PARA:160259p  
[2023-09-27 19:59:28] local.INFO: SKU Correlacionado DE:*06-005-AVELA/ PARA:150430p  
[2023-09-27 19:59:28] local.ERROR: *06-005-MOSTARDA  
[2023-09-27 19:59:28] local.INFO: SKU Correlacionado DE:*06-005-PRETO/ PARA:150431p  
[2023-09-27 19:59:28] local.INFO: SKU Correlacionado DE:*06-005-TABACO/ PARA:150297p  
[2023-09-27 19:59:28] local.INFO: SKU Correlacionado DE:*06-005-VERMELHO/ PARA:150428p  
[2023-09-27 19:59:28] local.INFO: SKU Correlacionado DE:*06-005-VINHO/ PARA:150433p  
[2023-09-27 19:59:28] local.INFO: SKU Correlacionado DE:*06-007-BRANCO/ PARA:150562p  
[2023-09-27 19:59:28] local.INFO: SKU Correlacionado DE:*06-007-CAQUI/ PARA:156490p  
[2023-09-27 19:59:28] local.INFO: SKU Correlacionado DE:*06-007-PALHA/ PARA:153554p  
[2023-09-27 19:59:28] local.INFO: SKU Correlacionado DE:*06-007-PRETO/ PARA:153553p  
[2023-09-27 19:59:28] local.INFO: SKU Correlacionado DE:*06-008-BRANCO/ PARA:150563p  
[2023-09-27 19:59:28] local.INFO: SKU Correlacionado DE:*06-008-CAQUI/ PARA:156487p  
[2023-09-27 19:59:28] local.INFO: SKU Correlacionado DE:*06-008-Palha/ PARA:152710p  
[2023-09-27 19:59:28] local.INFO: SKU Correlacionado DE:*06-008-Preto/ PARA:152712p  
[2023-09-27 19:59:28] local.INFO: SKU Correlacionado DE:*06-009-Branco/ PARA:150564p  
[2023-09-27 19:59:28] local.INFO: SKU Correlacionado DE:*06-009-CAQUI/ PARA:156488p  
[2023-09-27 19:59:28] local.INFO: SKU Correlacionado DE:*06-009-Palha/ PARA:152700p  
[2023-09-27 19:59:28] local.INFO: SKU Correlacionado DE:*06-009-Preto/ PARA:152701p  
[2023-09-27 19:59:28] local.ERROR: *06-009-VERMELHO  
[2023-09-27 19:59:28] local.INFO: SKU Correlacionado DE:*06-010-BRANCO/ PARA:150565p  
[2023-09-27 19:59:28] local.INFO: SKU Correlacionado DE:*06-010-CAQUI/ PARA:156489p  
[2023-09-27 19:59:28] local.INFO: SKU Correlacionado DE:*06-010-Palha/ PARA:152702p  
[2023-09-27 19:59:28] local.ERROR: *06-010-TABACO  
[2023-09-27 19:59:28] local.INFO: SKU Correlacionado DE:*06-0101-COFFEE/ PARA:153485p  
[2023-09-27 19:59:28] local.INFO: SKU Correlacionado DE:*06-011-AREIA/ PARA:150965p  
[2023-09-27 19:59:28] local.INFO: SKU Correlacionado DE:*06-011-Avela3/ PARA:150730p  
[2023-09-27 19:59:28] local.INFO: SKU Correlacionado DE:*06-011-Azul6/ PARA:150733p  
[2023-09-27 19:59:28] local.INFO: SKU Correlacionado DE:*06-011-Cinza5/ PARA:150732p  
[2023-09-27 19:59:28] local.INFO: SKU Correlacionado DE:*06-011-LILAS/ PARA:150966p  
[2023-09-27 19:59:28] local.INFO: SKU Correlacionado DE:*06-011-Mostarda10/ PARA:150967p  
[2023-09-27 19:59:28] local.INFO: SKU Correlacionado DE:*06-011-PINK/ PARA:151395p  
[2023-09-27 19:59:28] local.INFO: SKU Correlacionado DE:*06-011-Preto7/ PARA:150734p  
[2023-09-27 19:59:28] local.INFO: SKU Correlacionado DE:*06-011-Rosa11/ PARA:150968p  
[2023-09-27 19:59:28] local.ERROR: *06-011-Roxo  
[2023-09-27 19:59:28] local.INFO: SKU Correlacionado DE:*06-011-Tabaco2/ PARA:150608p  
[2023-09-27 19:59:28] local.INFO: SKU Correlacionado DE:*06-011-Verde1/ PARA:150607p  
[2023-09-27 19:59:28] local.INFO: SKU Correlacionado DE:*06-011-Vermelho/ PARA:150606p  
[2023-09-27 19:59:28] local.INFO: SKU Correlacionado DE:*06-011-Vinho4/ PARA:150731p  
[2023-09-27 19:59:28] local.INFO: SKU Correlacionado DE:*06-021-AREIA/ PARA:150970p  
[2023-09-27 19:59:28] local.INFO: SKU Correlacionado DE:*06-021-Avela2/ PARA:150972p  
[2023-09-27 19:59:28] local.INFO: SKU Correlacionado DE:*06-021-AZUL1/ PARA:150971p  
[2023-09-27 19:59:28] local.INFO: SKU Correlacionado DE:*06-021-Cinza3/ PARA:150973p  
[2023-09-27 19:59:28] local.INFO: SKU Correlacionado DE:*06-021-Lilas4/ PARA:150974p  
[2023-09-27 19:59:28] local.INFO: SKU Correlacionado DE:*06-021-Mostarda5/ PARA:150975p  
[2023-09-27 19:59:28] local.INFO: SKU Correlacionado DE:*06-021-PINK/ PARA:151400p  
[2023-09-27 19:59:28] local.INFO: SKU Correlacionado DE:*06-021-Preto6/ PARA:150976p  
[2023-09-27 19:59:28] local.INFO: SKU Correlacionado DE:*06-021-Rosa7/ PARA:150977p  
[2023-09-27 19:59:28] local.ERROR: *06-021-Roxo8  
[2023-09-27 19:59:28] local.INFO: SKU Correlacionado DE:*06-021-Tabaco9/ PARA:150979p  
[2023-09-27 19:59:28] local.INFO: SKU Correlacionado DE:*06-021-Verde11/ PARA:150981p  
[2023-09-27 19:59:28] local.INFO: SKU Correlacionado DE:*06-021-VERMELHO/ PARA:150980p  
[2023-09-27 19:59:28] local.INFO: SKU Correlacionado DE:*06-021-Vinho12/ PARA:150982p  
[2023-09-27 19:59:28] local.INFO: SKU Correlacionado DE:*06-028-AREIA/ PARA:151402p  
[2023-09-27 19:59:28] local.INFO: SKU Correlacionado DE:*06-028-Azul/ PARA:151403p  
[2023-09-27 19:59:28] local.INFO: SKU Correlacionado DE:*06-028-Cinza/ PARA:151404p  
[2023-09-27 19:59:28] local.INFO: SKU Correlacionado DE:*06-028-Lilas/ PARA:151409p  
[2023-09-27 19:59:28] local.INFO: SKU Correlacionado DE:*06-028-Mostarda/ PARA:151410p  
[2023-09-27 19:59:28] local.INFO: SKU Correlacionado DE:*06-028-Pink/ PARA:151401p  
[2023-09-27 19:59:28] local.INFO: SKU Correlacionado DE:*06-028-Preto/ PARA:151411p  
[2023-09-27 19:59:28] local.INFO: SKU Correlacionado DE:*06-028-Rosa/ PARA:151412p  
[2023-09-27 19:59:28] local.INFO: SKU Correlacionado DE:*06-028-Roxo/ PARA:151413p  
[2023-09-27 19:59:28] local.INFO: SKU Correlacionado DE:*06-028-Tabaco/ PARA:151414p  
[2023-09-27 19:59:28] local.INFO: SKU Correlacionado DE:*06-028-Tabaco1/ PARA:151415p  
[2023-09-27 19:59:28] local.INFO: SKU Correlacionado DE:*06-028-Verde/ PARA:151416p  
[2023-09-27 19:59:28] local.INFO: SKU Correlacionado DE:*06-028-Vermelho/ PARA:151417p  
[2023-09-27 19:59:28] local.INFO: SKU Correlacionado DE:*06-028-Vinho/ PARA:151418p  
[2023-09-27 19:59:28] local.INFO: SKU Correlacionado DE:*06-852-BRANCO/ PARA:152624p  
[2023-09-27 19:59:28] local.INFO: SKU Correlacionado DE:*06-852-ROSE/ PARA:152623p  
[2023-09-27 19:59:28] local.INFO: SKU Correlacionado DE:*10-025-AVELA/ PARA:150406p  
[2023-09-27 19:59:28] local.INFO: SKU Correlacionado DE:*10-025-CINZA/ PARA:150409p  
[2023-09-27 19:59:28] local.ERROR: *10-025-MOSTARDA  
[2023-09-27 19:59:28] local.INFO: SKU Correlacionado DE:*10-025-PRETO/ PARA:150412p  
[2023-09-27 19:59:28] local.INFO: SKU Correlacionado DE:*10-025-ROYAL/ PARA:150407p  
[2023-09-27 19:59:28] local.INFO: SKU Correlacionado DE:*10-025-TABACO/ PARA:150414p  
[2023-09-27 19:59:28] local.ERROR: *10-025-VERDE  
[2023-09-27 19:59:28] local.INFO: SKU Correlacionado DE:*10-025-VERMELHO/ PARA:150372p  
[2023-09-27 19:59:28] local.INFO: SKU Correlacionado DE:*10-025-VINHO/ PARA:150415p  
[2023-09-27 19:59:28] local.INFO: SKU Correlacionado DE:*14-001-AVELA/ PARA:168270p  
[2023-09-27 19:59:28] local.INFO: SKU Correlacionado DE:*14-001-TABACO/ PARA:168271p  
[2023-09-27 19:59:28] local.ERROR: *14-002-AVELA  
[2023-09-27 19:59:28] local.ERROR: *14-002-TABACO  
[2023-09-27 19:59:28] local.ERROR: *14-002-VERMELHO  
[2023-09-27 19:59:28] local.ERROR: *14-002-VINHO  
[2023-09-27 19:59:28] local.INFO: SKU Correlacionado DE:*14-003-AVELA/ PARA:168280p  
[2023-09-27 19:59:28] local.INFO: SKU Correlacionado DE:*14-003-TABACO/ PARA:168281p  
[2023-09-27 19:59:28] local.INFO: SKU Correlacionado DE:*14-003-VERMELHO/ PARA:168278p  
[2023-09-27 19:59:28] local.INFO: SKU Correlacionado DE:*14-003-VINHO/ PARA:168279p  
[2023-09-27 19:59:28] local.INFO: SKU Correlacionado DE:*147-018/ PARA:174934p  
[2023-09-27 19:59:28] local.INFO: SKU Correlacionado DE:*147-113-114-10/ PARA:172271p  
[2023-09-27 19:59:28] local.INFO: SKU Correlacionado DE:*32-217-TABACO/ PARA:153341p  
[2023-09-27 19:59:28] local.INFO: SKU Correlacionado DE:*47-002-JORNAL/ PARA:166007p  
[2023-09-27 19:59:28] local.INFO: SKU Correlacionado DE:*47-004-JORNAL/ PARA:166011p  
[2023-09-27 19:59:28] local.INFO: SKU Correlacionado DE:*47-08189-SOFIE/ PARA:154391p  
[2023-09-27 19:59:28] local.INFO: SKU Correlacionado DE:*47-08482-DOROTHY/ PARA:154390p  
[2023-09-27 19:59:28] local.INFO: SKU Correlacionado DE:*47-08485-FENOMENO/ PARA:154388p  
[2023-09-27 19:59:28] local.INFO: SKU Correlacionado DE:*47-2052-DIVERSOS/ PARA:163223p  
[2023-09-27 19:59:28] local.INFO: SKU Correlacionado DE:*47-2053-DIVERSOS/ PARA:163224p  
[2023-09-27 19:59:28] local.INFO: SKU Correlacionado DE:*47-2430/ PARA:162245p  
[2023-09-27 19:59:28] local.INFO: SKU Correlacionado DE:*47-2432/ PARA:162247p  
[2023-09-27 19:59:28] local.INFO: SKU Correlacionado DE:*47-2435/ PARA:162258p  
[2023-09-27 19:59:28] local.INFO: SKU Correlacionado DE:*47-2438/ PARA:162261p  
[2023-09-27 19:59:28] local.INFO: SKU Correlacionado DE:*47-2441/ PARA:162264p  
[2023-09-27 19:59:28] local.INFO: SKU Correlacionado DE:*47-2444/ PARA:162276p  
[2023-09-27 19:59:28] local.INFO: SKU Correlacionado DE:*47-2541/ PARA:163673p  
[2023-09-27 19:59:28] local.INFO: SKU Correlacionado DE:*47-2542/ PARA:163674p  
[2023-09-27 19:59:28] local.INFO: SKU Correlacionado DE:*47-2566-08/ PARA:164418p  
[2023-09-27 19:59:28] local.INFO: SKU Correlacionado DE:*47-2566-09/ PARA:164407p  
[2023-09-27 19:59:28] local.INFO: SKU Correlacionado DE:*47-2566-10/ PARA:164410p  
[2023-09-27 19:59:28] local.INFO: SKU Correlacionado DE:*47-2566-20/ PARA:164409p  
[2023-09-27 19:59:28] local.INFO: SKU Correlacionado DE:*47-2566-38/ PARA:164414p  
[2023-09-27 19:59:28] local.INFO: SKU Correlacionado DE:*47-2566-40/ PARA:164415p  
[2023-09-27 19:59:28] local.INFO: SKU Correlacionado DE:*47-2566-41/ PARA:164417p  
[2023-09-27 19:59:28] local.INFO: SKU Correlacionado DE:*47-2566-44/ PARA:164419p  
[2023-09-27 19:59:28] local.INFO: SKU Correlacionado DE:*47-2566-50/ PARA:164447p  
[2023-09-27 19:59:28] local.INFO: SKU Correlacionado DE:*47-2566-53/ PARA:164420p  
[2023-09-27 19:59:28] local.INFO: SKU Correlacionado DE:*47-2602-CAQUI/ PARA:154150p  
[2023-09-27 19:59:28] local.INFO: SKU Correlacionado DE:*47-2602-GELO/ PARA:154151p  
[2023-09-27 19:59:28] local.INFO: SKU Correlacionado DE:*47-2602-PALHA/ PARA:154149p  
[2023-09-27 19:59:28] local.INFO: SKU Correlacionado DE:*47-2642/ PARA:165874p  
[2023-09-27 19:59:28] local.INFO: SKU Correlacionado DE:*47-2643/ PARA:165878p  
[2023-09-27 19:59:28] local.INFO: SKU Correlacionado DE:*47-2644/ PARA:165879p  
[2023-09-27 19:59:28] local.INFO: SKU Correlacionado DE:*47-2646/ PARA:165881p  
[2023-09-27 19:59:28] local.INFO: SKU Correlacionado DE:*47-2647/ PARA:165882p  
[2023-09-27 19:59:28] local.INFO: SKU Correlacionado DE:*47-2649/ PARA:165883p  
[2023-09-27 19:59:28] local.INFO: SKU Correlacionado DE:*47-2651/ PARA:165885p  
[2023-09-27 19:59:28] local.INFO: SKU Correlacionado DE:*47-2653/ PARA:166618p  
[2023-09-27 19:59:28] local.INFO: SKU Correlacionado DE:*47-2654/ PARA:166648p  
[2023-09-27 19:59:28] local.INFO: SKU Correlacionado DE:*47-2656/ PARA:166650p  
[2023-09-27 19:59:28] local.INFO: SKU Correlacionado DE:*47-2657/ PARA:166651p  
[2023-09-27 19:59:28] local.INFO: SKU Correlacionado DE:*47-2659/ PARA:166653p  
[2023-09-27 19:59:28] local.INFO: SKU Correlacionado DE:*47-2660/ PARA:166654p  
[2023-09-27 19:59:28] local.INFO: SKU Correlacionado DE:*47-300280-GELO/ PARA:164957p  
[2023-09-27 19:59:28] local.INFO: SKU Correlacionado DE:*47-300280-PALHA/ PARA:164209p  
[2023-09-27 19:59:28] local.INFO: SKU Correlacionado DE:*47-305-PINK/ PARA:167085p  
[2023-09-27 19:59:28] local.INFO: SKU Correlacionado DE:*47-305-ROSA/ PARA:167084p  
[2023-09-27 19:59:28] local.INFO: SKU Correlacionado DE:*47-322-ROSA/ PARA:167079p  
[2023-09-27 19:59:28] local.INFO: SKU Correlacionado DE:*47-3303/ PARA:160260p  
[2023-09-27 19:59:28] local.INFO: SKU Correlacionado DE:*47-3304/ PARA:160264p  
[2023-09-27 19:59:28] local.INFO: SKU Correlacionado DE:*47-3305/ PARA:160269p  
[2023-09-27 19:59:28] local.INFO: SKU Correlacionado DE:*47-3307/ PARA:160271p  
[2023-09-27 19:59:28] local.INFO: SKU Correlacionado DE:*47-400280-GELO/ PARA:164958p  
[2023-09-27 19:59:28] local.INFO: SKU Correlacionado DE:*47-400280-PALHA/ PARA:164206p  
[2023-09-27 19:59:28] local.INFO: SKU Correlacionado DE:*47-500280-GELO/ PARA:163252p  
[2023-09-27 19:59:28] local.INFO: SKU Correlacionado DE:*47-500280-PALHA/ PARA:164959p  
[2023-09-27 19:59:28] local.INFO: SKU Correlacionado DE:*47-5040-AZUL/ PARA:159359p  
[2023-09-27 19:59:28] local.INFO: SKU Correlacionado DE:*47-5040-FLORTABACO/ PARA:159368p  
[2023-09-27 19:59:28] local.INFO: SKU Correlacionado DE:*47-5040-JORNAL/ PARA:159364p  
[2023-09-27 19:59:28] local.INFO: SKU Correlacionado DE:*47-5043-JORNAL/ PARA:163245p  
[2023-09-27 19:59:28] local.INFO: SKU Correlacionado DE:*47-5044-DOROTHY/ PARA:163253p  
[2023-09-27 19:59:28] local.INFO: SKU Correlacionado DE:*47-5044-FENOMENO/ PARA:163254p  
[2023-09-27 19:59:28] local.INFO: SKU Correlacionado DE:*47-5044-SOFIE/ PARA:163255p  
[2023-09-27 19:59:28] local.INFO: SKU Correlacionado DE:*47-5045-CINZA/ PARA:166503p  
[2023-09-27 19:59:28] local.INFO: SKU Correlacionado DE:*47-5045-TABACO/ PARA:166598p  
[2023-09-27 19:59:28] local.INFO: SKU Correlacionado DE:*47-5045-VERMELHO/ PARA:166502p  
[2023-09-27 19:59:28] local.ERROR: *47-5047-Vermelho  
[2023-09-27 19:59:28] local.INFO: SKU Correlacionado DE:*47-5048-CAQUI/ PARA:168265p  
[2023-09-27 19:59:28] local.INFO: SKU Correlacionado DE:*47-5048-CINZA/ PARA:166545p  
[2023-09-27 19:59:28] local.INFO: SKU Correlacionado DE:*47-5048-MARINHO/ PARA:168266p  
[2023-09-27 19:59:28] local.INFO: SKU Correlacionado DE:*47-5048-PINK/ PARA:168269p  
[2023-09-27 19:59:28] local.INFO: SKU Correlacionado DE:*47-5048-PRETO/ PARA:168268p  
[2023-09-27 19:59:28] local.INFO: SKU Correlacionado DE:*47-5048-ROSE/ PARA:166754p  
[2023-09-27 19:59:28] local.INFO: SKU Correlacionado DE:*47-5048-TABACO/ PARA:166599p  
[2023-09-27 19:59:28] local.INFO: SKU Correlacionado DE:*47-5048-VERMELHO/ PARA:166544p  
[2023-09-27 19:59:28] local.INFO: SKU Correlacionado DE:*47-5055-11/ PARA:168581p  
[2023-09-27 19:59:28] local.INFO: SKU Correlacionado DE:*47-5055-43/ PARA:168572p  
[2023-09-27 19:59:28] local.INFO: SKU Correlacionado DE:*47-5056-11/ PARA:168775p  
[2023-09-27 19:59:28] local.INFO: SKU Correlacionado DE:*47-5056-43/ PARA:168591p  
[2023-09-27 19:59:28] local.INFO: SKU Correlacionado DE:*47-5059-25/ PARA:167799p  
[2023-09-27 19:59:28] local.INFO: SKU Correlacionado DE:*47-506-04/ PARA:167532p  
[2023-09-27 19:59:28] local.INFO: SKU Correlacionado DE:*47-506-41/ PARA:167530p  
[2023-09-27 19:59:28] local.INFO: SKU Correlacionado DE:*47-5060-04/ PARA:169019p  
[2023-09-27 19:59:28] local.INFO: SKU Correlacionado DE:*47-5060-43/ PARA:169021p  
[2023-09-27 19:59:28] local.INFO: SKU Correlacionado DE:*47-5060-51/ PARA:167845p  
[2023-09-27 19:59:28] local.ERROR: *47-5062-71  
[2023-09-27 19:59:28] local.INFO: SKU Correlacionado DE:*47-5063-60/ PARA:168957p  
[2023-09-27 19:59:28] local.INFO: SKU Correlacionado DE:*47-5063-64/ PARA:168962p  
[2023-09-27 19:59:28] local.INFO: SKU Correlacionado DE:*47-5063-70/ PARA:168963p  
[2023-09-27 19:59:28] local.INFO: SKU Correlacionado DE:*47-5063-71/ PARA:168964p  
[2023-09-27 19:59:28] local.ERROR: *47-5064-60  
[2023-09-27 19:59:28] local.INFO: SKU Correlacionado DE:*47-5064-64/ PARA:168967p  
[2023-09-27 19:59:28] local.ERROR: *47-5064-70  
[2023-09-27 19:59:28] local.INFO: SKU Correlacionado DE:*47-5064-71/ PARA:168969p  
[2023-09-27 19:59:28] local.ERROR: *47-507-40  
[2023-09-27 19:59:28] local.INFO: SKU Correlacionado DE:*47-5085-10/ PARA:172004p  
[2023-09-27 19:59:28] local.INFO: SKU Correlacionado DE:*47-5085-24/ PARA:174918p  
[2023-09-27 19:59:28] local.INFO: SKU Correlacionado DE:*47-5085-41/ PARA:174941p  
[2023-09-27 19:59:28] local.INFO: SKU Correlacionado DE:*47-5086-10/ PARA:172018p  
[2023-09-27 19:59:28] local.INFO: SKU Correlacionado DE:*47-5086-24/ PARA:174920p  
[2023-09-27 19:59:28] local.INFO: SKU Correlacionado DE:*47-5086-41/ PARA:174942p  
[2023-09-27 19:59:28] local.INFO: SKU Correlacionado DE:*47-5087-10/ PARA:172019p  
[2023-09-27 19:59:28] local.INFO: SKU Correlacionado DE:*47-5087-24/ PARA:174921p  
[2023-09-27 19:59:28] local.INFO: SKU Correlacionado DE:*47-5087-41/ PARA:174943p  
[2023-09-27 19:59:28] local.INFO: SKU Correlacionado DE:*47-5088-10/ PARA:172020p  
[2023-09-27 19:59:28] local.INFO: SKU Correlacionado DE:*47-5088-24/ PARA:174922p  
[2023-09-27 19:59:28] local.INFO: SKU Correlacionado DE:*47-5088-41/ PARA:174944p  
[2023-09-27 19:59:28] local.INFO: SKU Correlacionado DE:*47-600280-PALHA/ PARA:164207p  
[2023-09-27 19:59:28] local.INFO: SKU Correlacionado DE:*47-700280-GELO/ PARA:164962p  
[2023-09-27 19:59:28] local.INFO: SKU Correlacionado DE:*47-700280-PALHA/ PARA:164961p  
[2023-09-27 19:59:28] local.INFO: SKU Correlacionado DE:*47-8188-SOFIE/ PARA:154386p  
[2023-09-27 19:59:28] local.INFO: SKU Correlacionado DE:*47-8195-DOROTHY/ PARA:154387p  
[2023-09-27 19:59:28] local.INFO: SKU Correlacionado DE:*47-8833/ PARA:152637p  
[2023-09-27 19:59:28] local.INFO: SKU Correlacionado DE:*47-8896/ PARA:152634p  
[2023-09-27 19:59:28] local.INFO: SKU Correlacionado DE:*47-8897/ PARA:152636p  
[2023-09-27 19:59:28] local.INFO: SKU Correlacionado DE:*47-8941-ROSA/ PARA:154001p  
[2023-09-27 19:59:28] local.INFO: SKU Correlacionado DE:*47-8944-ROSA/ PARA:154003p  
[2023-09-27 19:59:28] local.INFO: SKU Correlacionado DE:*47-918-04/ PARA:167562p  
[2023-09-27 19:59:28] local.INFO: SKU Correlacionado DE:*47-918-50/ PARA:167563p  
[2023-09-27 19:59:28] local.INFO: SKU Correlacionado DE:*47-918-65/ PARA:167564p  
[2023-09-27 19:59:29] local.INFO: SKU Correlacionado DE:*60-163262/ PARA:160135p  
[2023-09-27 19:59:29] local.INFO: SKU Correlacionado DE:*60-99813/ PARA:160136p  
[2023-09-27 20:12:54] local.INFO: Robo: ***** Importando Produto ******  
[2023-09-27 20:12:54] local.NOTICE: Produto importado:14-002-VINHO  
[2023-09-27 20:12:54] local.NOTICE: Produto importado:14-002-AVELA  
[2023-09-27 20:12:55] local.NOTICE: Produto importado:14-002-TABACO  
[2023-09-27 20:12:55] local.NOTICE: Produto importado:14-002-VERMELHO  
[2023-09-27 20:12:55] local.NOTICE: Produto importado:47-507-40  
[2023-09-27 20:16:12] local.INFO: Robo: ***** Importando Produto da API ******  
[2023-09-27 20:16:13] local.NOTICE: 168274p SKU importado  
[2023-09-27 20:16:13] local.NOTICE: 168275p SKU importado  
[2023-09-27 20:16:14] local.NOTICE: 168276p SKU importado  
[2023-09-27 20:16:14] local.NOTICE: 168277p SKU importado  
[2023-09-27 20:16:15] local.NOTICE: 167535p SKU importado  
[2023-09-27 20:17:19] local.INFO: SKU Correlacionado DE:*03-300280/ PARA:159847p  
[2023-09-27 20:17:19] local.ERROR: *03-3306  
[2023-09-27 20:17:19] local.INFO: SKU Correlacionado DE:*03-400280/ PARA:159848p  
[2023-09-27 20:17:19] local.INFO: SKU Correlacionado DE:*03-500280/ PARA:159849p  
[2023-09-27 20:17:19] local.INFO: SKU Correlacionado DE:*03-600280/ PARA:159850p  
[2023-09-27 20:17:19] local.INFO: SKU Correlacionado DE:*03-700280/ PARA:160259p  
[2023-09-27 20:17:19] local.INFO: SKU Correlacionado DE:*06-005-AVELA/ PARA:150430p  
[2023-09-27 20:17:19] local.ERROR: *06-005-MOSTARDA  
[2023-09-27 20:17:19] local.INFO: SKU Correlacionado DE:*06-005-PRETO/ PARA:150431p  
[2023-09-27 20:17:19] local.INFO: SKU Correlacionado DE:*06-005-TABACO/ PARA:150297p  
[2023-09-27 20:17:19] local.INFO: SKU Correlacionado DE:*06-005-VERMELHO/ PARA:150428p  
[2023-09-27 20:17:19] local.INFO: SKU Correlacionado DE:*06-005-VINHO/ PARA:150433p  
[2023-09-27 20:17:19] local.INFO: SKU Correlacionado DE:*06-007-BRANCO/ PARA:150562p  
[2023-09-27 20:17:19] local.INFO: SKU Correlacionado DE:*06-007-CAQUI/ PARA:156490p  
[2023-09-27 20:17:19] local.INFO: SKU Correlacionado DE:*06-007-PALHA/ PARA:153554p  
[2023-09-27 20:17:19] local.INFO: SKU Correlacionado DE:*06-007-PRETO/ PARA:153553p  
[2023-09-27 20:17:19] local.INFO: SKU Correlacionado DE:*06-008-BRANCO/ PARA:150563p  
[2023-09-27 20:17:19] local.INFO: SKU Correlacionado DE:*06-008-CAQUI/ PARA:156487p  
[2023-09-27 20:17:19] local.INFO: SKU Correlacionado DE:*06-008-Palha/ PARA:152710p  
[2023-09-27 20:17:19] local.INFO: SKU Correlacionado DE:*06-008-Preto/ PARA:152712p  
[2023-09-27 20:17:19] local.INFO: SKU Correlacionado DE:*06-009-Branco/ PARA:150564p  
[2023-09-27 20:17:19] local.INFO: SKU Correlacionado DE:*06-009-CAQUI/ PARA:156488p  
[2023-09-27 20:17:19] local.INFO: SKU Correlacionado DE:*06-009-Palha/ PARA:152700p  
[2023-09-27 20:17:19] local.INFO: SKU Correlacionado DE:*06-009-Preto/ PARA:152701p  
[2023-09-27 20:17:19] local.ERROR: *06-009-VERMELHO  
[2023-09-27 20:17:19] local.INFO: SKU Correlacionado DE:*06-010-BRANCO/ PARA:150565p  
[2023-09-27 20:17:19] local.INFO: SKU Correlacionado DE:*06-010-CAQUI/ PARA:156489p  
[2023-09-27 20:17:19] local.INFO: SKU Correlacionado DE:*06-010-Palha/ PARA:152702p  
[2023-09-27 20:17:19] local.ERROR: *06-010-TABACO  
[2023-09-27 20:17:19] local.INFO: SKU Correlacionado DE:*06-0101-COFFEE/ PARA:153485p  
[2023-09-27 20:17:19] local.INFO: SKU Correlacionado DE:*06-011-AREIA/ PARA:150965p  
[2023-09-27 20:17:19] local.INFO: SKU Correlacionado DE:*06-011-Avela3/ PARA:150730p  
[2023-09-27 20:17:19] local.INFO: SKU Correlacionado DE:*06-011-Azul6/ PARA:150733p  
[2023-09-27 20:17:19] local.INFO: SKU Correlacionado DE:*06-011-Cinza5/ PARA:150732p  
[2023-09-27 20:17:19] local.INFO: SKU Correlacionado DE:*06-011-LILAS/ PARA:150966p  
[2023-09-27 20:17:19] local.INFO: SKU Correlacionado DE:*06-011-Mostarda10/ PARA:150967p  
[2023-09-27 20:17:19] local.INFO: SKU Correlacionado DE:*06-011-PINK/ PARA:151395p  
[2023-09-27 20:17:19] local.INFO: SKU Correlacionado DE:*06-011-Preto7/ PARA:150734p  
[2023-09-27 20:17:19] local.INFO: SKU Correlacionado DE:*06-011-Rosa11/ PARA:150968p  
[2023-09-27 20:17:19] local.ERROR: *06-011-Roxo  
[2023-09-27 20:17:19] local.INFO: SKU Correlacionado DE:*06-011-Tabaco2/ PARA:150608p  
[2023-09-27 20:17:19] local.INFO: SKU Correlacionado DE:*06-011-Verde1/ PARA:150607p  
[2023-09-27 20:17:19] local.INFO: SKU Correlacionado DE:*06-011-Vermelho/ PARA:150606p  
[2023-09-27 20:17:19] local.INFO: SKU Correlacionado DE:*06-011-Vinho4/ PARA:150731p  
[2023-09-27 20:17:19] local.INFO: SKU Correlacionado DE:*06-021-AREIA/ PARA:150970p  
[2023-09-27 20:17:19] local.INFO: SKU Correlacionado DE:*06-021-Avela2/ PARA:150972p  
[2023-09-27 20:17:19] local.INFO: SKU Correlacionado DE:*06-021-AZUL1/ PARA:150971p  
[2023-09-27 20:17:19] local.INFO: SKU Correlacionado DE:*06-021-Cinza3/ PARA:150973p  
[2023-09-27 20:17:19] local.INFO: SKU Correlacionado DE:*06-021-Lilas4/ PARA:150974p  
[2023-09-27 20:17:19] local.INFO: SKU Correlacionado DE:*06-021-Mostarda5/ PARA:150975p  
[2023-09-27 20:17:19] local.INFO: SKU Correlacionado DE:*06-021-PINK/ PARA:151400p  
[2023-09-27 20:17:19] local.INFO: SKU Correlacionado DE:*06-021-Preto6/ PARA:150976p  
[2023-09-27 20:17:19] local.INFO: SKU Correlacionado DE:*06-021-Rosa7/ PARA:150977p  
[2023-09-27 20:17:19] local.ERROR: *06-021-Roxo8  
[2023-09-27 20:17:19] local.INFO: SKU Correlacionado DE:*06-021-Tabaco9/ PARA:150979p  
[2023-09-27 20:17:19] local.INFO: SKU Correlacionado DE:*06-021-Verde11/ PARA:150981p  
[2023-09-27 20:17:19] local.INFO: SKU Correlacionado DE:*06-021-VERMELHO/ PARA:150980p  
[2023-09-27 20:17:19] local.INFO: SKU Correlacionado DE:*06-021-Vinho12/ PARA:150982p  
[2023-09-27 20:17:19] local.INFO: SKU Correlacionado DE:*06-028-AREIA/ PARA:151402p  
[2023-09-27 20:17:19] local.INFO: SKU Correlacionado DE:*06-028-Azul/ PARA:151403p  
[2023-09-27 20:17:19] local.INFO: SKU Correlacionado DE:*06-028-Cinza/ PARA:151404p  
[2023-09-27 20:17:19] local.INFO: SKU Correlacionado DE:*06-028-Lilas/ PARA:151409p  
[2023-09-27 20:17:19] local.INFO: SKU Correlacionado DE:*06-028-Mostarda/ PARA:151410p  
[2023-09-27 20:17:19] local.INFO: SKU Correlacionado DE:*06-028-Pink/ PARA:151401p  
[2023-09-27 20:17:19] local.INFO: SKU Correlacionado DE:*06-028-Preto/ PARA:151411p  
[2023-09-27 20:17:19] local.INFO: SKU Correlacionado DE:*06-028-Rosa/ PARA:151412p  
[2023-09-27 20:17:19] local.INFO: SKU Correlacionado DE:*06-028-Roxo/ PARA:151413p  
[2023-09-27 20:17:19] local.INFO: SKU Correlacionado DE:*06-028-Tabaco/ PARA:151414p  
[2023-09-27 20:17:19] local.INFO: SKU Correlacionado DE:*06-028-Tabaco1/ PARA:151415p  
[2023-09-27 20:17:19] local.INFO: SKU Correlacionado DE:*06-028-Verde/ PARA:151416p  
[2023-09-27 20:17:19] local.INFO: SKU Correlacionado DE:*06-028-Vermelho/ PARA:151417p  
[2023-09-27 20:17:19] local.INFO: SKU Correlacionado DE:*06-028-Vinho/ PARA:151418p  
[2023-09-27 20:17:19] local.INFO: SKU Correlacionado DE:*06-852-BRANCO/ PARA:152624p  
[2023-09-27 20:17:19] local.INFO: SKU Correlacionado DE:*06-852-ROSE/ PARA:152623p  
[2023-09-27 20:17:19] local.INFO: SKU Correlacionado DE:*10-025-AVELA/ PARA:150406p  
[2023-09-27 20:17:19] local.INFO: SKU Correlacionado DE:*10-025-CINZA/ PARA:150409p  
[2023-09-27 20:17:19] local.ERROR: *10-025-MOSTARDA  
[2023-09-27 20:17:19] local.INFO: SKU Correlacionado DE:*10-025-PRETO/ PARA:150412p  
[2023-09-27 20:17:19] local.INFO: SKU Correlacionado DE:*10-025-ROYAL/ PARA:150407p  
[2023-09-27 20:17:19] local.INFO: SKU Correlacionado DE:*10-025-TABACO/ PARA:150414p  
[2023-09-27 20:17:19] local.ERROR: *10-025-VERDE  
[2023-09-27 20:17:19] local.INFO: SKU Correlacionado DE:*10-025-VERMELHO/ PARA:150372p  
[2023-09-27 20:17:19] local.INFO: SKU Correlacionado DE:*10-025-VINHO/ PARA:150415p  
[2023-09-27 20:17:19] local.INFO: SKU Correlacionado DE:*14-001-AVELA/ PARA:168270p  
[2023-09-27 20:17:19] local.INFO: SKU Correlacionado DE:*14-001-TABACO/ PARA:168271p  
[2023-09-27 20:17:19] local.INFO: SKU Correlacionado DE:*14-002-AVELA/ PARA:168275p  
[2023-09-27 20:17:19] local.INFO: SKU Correlacionado DE:*14-002-TABACO/ PARA:168276p  
[2023-09-27 20:17:19] local.INFO: SKU Correlacionado DE:*14-002-VERMELHO/ PARA:168277p  
[2023-09-27 20:17:20] local.INFO: SKU Correlacionado DE:*14-002-VINHO/ PARA:168274p  
[2023-09-27 20:17:20] local.INFO: SKU Correlacionado DE:*14-003-AVELA/ PARA:168280p  
[2023-09-27 20:17:20] local.INFO: SKU Correlacionado DE:*14-003-TABACO/ PARA:168281p  
[2023-09-27 20:17:20] local.INFO: SKU Correlacionado DE:*14-003-VERMELHO/ PARA:168278p  
[2023-09-27 20:17:20] local.INFO: SKU Correlacionado DE:*14-003-VINHO/ PARA:168279p  
[2023-09-27 20:17:20] local.INFO: SKU Correlacionado DE:*147-018/ PARA:174934p  
[2023-09-27 20:17:20] local.INFO: SKU Correlacionado DE:*147-113-114-10/ PARA:172271p  
[2023-09-27 20:17:20] local.INFO: SKU Correlacionado DE:*32-217-TABACO/ PARA:153341p  
[2023-09-27 20:17:20] local.INFO: SKU Correlacionado DE:*47-002-JORNAL/ PARA:166007p  
[2023-09-27 20:17:20] local.INFO: SKU Correlacionado DE:*47-004-JORNAL/ PARA:166011p  
[2023-09-27 20:17:20] local.INFO: SKU Correlacionado DE:*47-08189-SOFIE/ PARA:154391p  
[2023-09-27 20:17:20] local.INFO: SKU Correlacionado DE:*47-08482-DOROTHY/ PARA:154390p  
[2023-09-27 20:17:20] local.INFO: SKU Correlacionado DE:*47-08485-FENOMENO/ PARA:154388p  
[2023-09-27 20:17:20] local.INFO: SKU Correlacionado DE:*47-2052-DIVERSOS/ PARA:163223p  
[2023-09-27 20:17:20] local.INFO: SKU Correlacionado DE:*47-2053-DIVERSOS/ PARA:163224p  
[2023-09-27 20:17:20] local.INFO: SKU Correlacionado DE:*47-2430/ PARA:162245p  
[2023-09-27 20:17:20] local.INFO: SKU Correlacionado DE:*47-2432/ PARA:162247p  
[2023-09-27 20:17:20] local.INFO: SKU Correlacionado DE:*47-2435/ PARA:162258p  
[2023-09-27 20:17:20] local.INFO: SKU Correlacionado DE:*47-2438/ PARA:162261p  
[2023-09-27 20:17:20] local.INFO: SKU Correlacionado DE:*47-2441/ PARA:162264p  
[2023-09-27 20:17:20] local.INFO: SKU Correlacionado DE:*47-2444/ PARA:162276p  
[2023-09-27 20:17:20] local.INFO: SKU Correlacionado DE:*47-2541/ PARA:163673p  
[2023-09-27 20:17:20] local.INFO: SKU Correlacionado DE:*47-2542/ PARA:163674p  
[2023-09-27 20:17:20] local.INFO: SKU Correlacionado DE:*47-2566-08/ PARA:164418p  
[2023-09-27 20:17:20] local.INFO: SKU Correlacionado DE:*47-2566-09/ PARA:164407p  
[2023-09-27 20:17:20] local.INFO: SKU Correlacionado DE:*47-2566-10/ PARA:164410p  
[2023-09-27 20:17:20] local.INFO: SKU Correlacionado DE:*47-2566-20/ PARA:164409p  
[2023-09-27 20:17:20] local.INFO: SKU Correlacionado DE:*47-2566-38/ PARA:164414p  
[2023-09-27 20:17:20] local.INFO: SKU Correlacionado DE:*47-2566-40/ PARA:164415p  
[2023-09-27 20:17:20] local.INFO: SKU Correlacionado DE:*47-2566-41/ PARA:164417p  
[2023-09-27 20:17:20] local.INFO: SKU Correlacionado DE:*47-2566-44/ PARA:164419p  
[2023-09-27 20:17:20] local.INFO: SKU Correlacionado DE:*47-2566-50/ PARA:164447p  
[2023-09-27 20:17:20] local.INFO: SKU Correlacionado DE:*47-2566-53/ PARA:164420p  
[2023-09-27 20:17:20] local.INFO: SKU Correlacionado DE:*47-2602-CAQUI/ PARA:154150p  
[2023-09-27 20:17:20] local.INFO: SKU Correlacionado DE:*47-2602-GELO/ PARA:154151p  
[2023-09-27 20:17:20] local.INFO: SKU Correlacionado DE:*47-2602-PALHA/ PARA:154149p  
[2023-09-27 20:17:20] local.INFO: SKU Correlacionado DE:*47-2642/ PARA:165874p  
[2023-09-27 20:17:20] local.INFO: SKU Correlacionado DE:*47-2643/ PARA:165878p  
[2023-09-27 20:17:20] local.INFO: SKU Correlacionado DE:*47-2644/ PARA:165879p  
[2023-09-27 20:17:20] local.INFO: SKU Correlacionado DE:*47-2646/ PARA:165881p  
[2023-09-27 20:17:20] local.INFO: SKU Correlacionado DE:*47-2647/ PARA:165882p  
[2023-09-27 20:17:20] local.INFO: SKU Correlacionado DE:*47-2649/ PARA:165883p  
[2023-09-27 20:17:20] local.INFO: SKU Correlacionado DE:*47-2651/ PARA:165885p  
[2023-09-27 20:17:20] local.INFO: SKU Correlacionado DE:*47-2653/ PARA:166618p  
[2023-09-27 20:17:20] local.INFO: SKU Correlacionado DE:*47-2654/ PARA:166648p  
[2023-09-27 20:17:20] local.INFO: SKU Correlacionado DE:*47-2656/ PARA:166650p  
[2023-09-27 20:17:20] local.INFO: SKU Correlacionado DE:*47-2657/ PARA:166651p  
[2023-09-27 20:17:20] local.INFO: SKU Correlacionado DE:*47-2659/ PARA:166653p  
[2023-09-27 20:17:20] local.INFO: SKU Correlacionado DE:*47-2660/ PARA:166654p  
[2023-09-27 20:17:20] local.INFO: SKU Correlacionado DE:*47-300280-GELO/ PARA:164957p  
[2023-09-27 20:17:20] local.INFO: SKU Correlacionado DE:*47-300280-PALHA/ PARA:164209p  
[2023-09-27 20:17:20] local.INFO: SKU Correlacionado DE:*47-305-PINK/ PARA:167085p  
[2023-09-27 20:17:20] local.INFO: SKU Correlacionado DE:*47-305-ROSA/ PARA:167084p  
[2023-09-27 20:17:20] local.INFO: SKU Correlacionado DE:*47-322-ROSA/ PARA:167079p  
[2023-09-27 20:17:20] local.INFO: SKU Correlacionado DE:*47-3303/ PARA:160260p  
[2023-09-27 20:17:20] local.INFO: SKU Correlacionado DE:*47-3304/ PARA:160264p  
[2023-09-27 20:17:20] local.INFO: SKU Correlacionado DE:*47-3305/ PARA:160269p  
[2023-09-27 20:17:20] local.INFO: SKU Correlacionado DE:*47-3307/ PARA:160271p  
[2023-09-27 20:17:20] local.INFO: SKU Correlacionado DE:*47-400280-GELO/ PARA:164958p  
[2023-09-27 20:17:20] local.INFO: SKU Correlacionado DE:*47-400280-PALHA/ PARA:164206p  
[2023-09-27 20:17:20] local.INFO: SKU Correlacionado DE:*47-500280-GELO/ PARA:163252p  
[2023-09-27 20:17:20] local.INFO: SKU Correlacionado DE:*47-500280-PALHA/ PARA:164959p  
[2023-09-27 20:17:20] local.INFO: SKU Correlacionado DE:*47-5040-AZUL/ PARA:159359p  
[2023-09-27 20:17:20] local.INFO: SKU Correlacionado DE:*47-5040-FLORTABACO/ PARA:159368p  
[2023-09-27 20:17:20] local.INFO: SKU Correlacionado DE:*47-5040-JORNAL/ PARA:159364p  
[2023-09-27 20:17:20] local.INFO: SKU Correlacionado DE:*47-5043-JORNAL/ PARA:163245p  
[2023-09-27 20:17:20] local.INFO: SKU Correlacionado DE:*47-5044-DOROTHY/ PARA:163253p  
[2023-09-27 20:17:20] local.INFO: SKU Correlacionado DE:*47-5044-FENOMENO/ PARA:163254p  
[2023-09-27 20:17:20] local.INFO: SKU Correlacionado DE:*47-5044-SOFIE/ PARA:163255p  
[2023-09-27 20:17:20] local.INFO: SKU Correlacionado DE:*47-5045-CINZA/ PARA:166503p  
[2023-09-27 20:17:20] local.INFO: SKU Correlacionado DE:*47-5045-TABACO/ PARA:166598p  
[2023-09-27 20:17:20] local.INFO: SKU Correlacionado DE:*47-5045-VERMELHO/ PARA:166502p  
[2023-09-27 20:17:20] local.ERROR: *47-5047-Vermelho  
[2023-09-27 20:17:20] local.INFO: SKU Correlacionado DE:*47-5048-CAQUI/ PARA:168265p  
[2023-09-27 20:17:20] local.INFO: SKU Correlacionado DE:*47-5048-CINZA/ PARA:166545p  
[2023-09-27 20:17:20] local.INFO: SKU Correlacionado DE:*47-5048-MARINHO/ PARA:168266p  
[2023-09-27 20:17:20] local.INFO: SKU Correlacionado DE:*47-5048-PINK/ PARA:168269p  
[2023-09-27 20:17:20] local.INFO: SKU Correlacionado DE:*47-5048-PRETO/ PARA:168268p  
[2023-09-27 20:17:20] local.INFO: SKU Correlacionado DE:*47-5048-ROSE/ PARA:166754p  
[2023-09-27 20:17:20] local.INFO: SKU Correlacionado DE:*47-5048-TABACO/ PARA:166599p  
[2023-09-27 20:17:20] local.INFO: SKU Correlacionado DE:*47-5048-VERMELHO/ PARA:166544p  
[2023-09-27 20:17:20] local.INFO: SKU Correlacionado DE:*47-5055-11/ PARA:168581p  
[2023-09-27 20:17:20] local.INFO: SKU Correlacionado DE:*47-5055-43/ PARA:168572p  
[2023-09-27 20:17:20] local.INFO: SKU Correlacionado DE:*47-5056-11/ PARA:168775p  
[2023-09-27 20:17:20] local.INFO: SKU Correlacionado DE:*47-5056-43/ PARA:168591p  
[2023-09-27 20:17:20] local.INFO: SKU Correlacionado DE:*47-5059-25/ PARA:167799p  
[2023-09-27 20:17:20] local.INFO: SKU Correlacionado DE:*47-506-04/ PARA:167532p  
[2023-09-27 20:17:20] local.INFO: SKU Correlacionado DE:*47-506-41/ PARA:167530p  
[2023-09-27 20:17:20] local.INFO: SKU Correlacionado DE:*47-5060-04/ PARA:169019p  
[2023-09-27 20:17:20] local.INFO: SKU Correlacionado DE:*47-5060-43/ PARA:169021p  
[2023-09-27 20:17:20] local.INFO: SKU Correlacionado DE:*47-5060-51/ PARA:167845p  
[2023-09-27 20:17:20] local.ERROR: *47-5062-71  
[2023-09-27 20:17:20] local.INFO: SKU Correlacionado DE:*47-5063-60/ PARA:168957p  
[2023-09-27 20:17:20] local.INFO: SKU Correlacionado DE:*47-5063-64/ PARA:168962p  
[2023-09-27 20:17:20] local.INFO: SKU Correlacionado DE:*47-5063-70/ PARA:168963p  
[2023-09-27 20:17:20] local.INFO: SKU Correlacionado DE:*47-5063-71/ PARA:168964p  
[2023-09-27 20:17:20] local.ERROR: *47-5064-60  
[2023-09-27 20:17:20] local.INFO: SKU Correlacionado DE:*47-5064-64/ PARA:168967p  
[2023-09-27 20:17:20] local.ERROR: *47-5064-70  
[2023-09-27 20:17:20] local.INFO: SKU Correlacionado DE:*47-5064-71/ PARA:168969p  
[2023-09-27 20:17:20] local.INFO: SKU Correlacionado DE:*47-507-40/ PARA:167535p  
[2023-09-27 20:17:20] local.INFO: SKU Correlacionado DE:*47-5085-10/ PARA:172004p  
[2023-09-27 20:17:20] local.INFO: SKU Correlacionado DE:*47-5085-24/ PARA:174918p  
[2023-09-27 20:17:20] local.INFO: SKU Correlacionado DE:*47-5085-41/ PARA:174941p  
[2023-09-27 20:17:20] local.INFO: SKU Correlacionado DE:*47-5086-10/ PARA:172018p  
[2023-09-27 20:17:20] local.INFO: SKU Correlacionado DE:*47-5086-24/ PARA:174920p  
[2023-09-27 20:17:20] local.INFO: SKU Correlacionado DE:*47-5086-41/ PARA:174942p  
[2023-09-27 20:17:20] local.INFO: SKU Correlacionado DE:*47-5087-10/ PARA:172019p  
[2023-09-27 20:17:20] local.INFO: SKU Correlacionado DE:*47-5087-24/ PARA:174921p  
[2023-09-27 20:17:20] local.INFO: SKU Correlacionado DE:*47-5087-41/ PARA:174943p  
[2023-09-27 20:17:20] local.INFO: SKU Correlacionado DE:*47-5088-10/ PARA:172020p  
[2023-09-27 20:17:20] local.INFO: SKU Correlacionado DE:*47-5088-24/ PARA:174922p  
[2023-09-27 20:17:20] local.INFO: SKU Correlacionado DE:*47-5088-41/ PARA:174944p  
[2023-09-27 20:17:20] local.INFO: SKU Correlacionado DE:*47-600280-PALHA/ PARA:164207p  
[2023-09-27 20:17:20] local.INFO: SKU Correlacionado DE:*47-700280-GELO/ PARA:164962p  
[2023-09-27 20:17:20] local.INFO: SKU Correlacionado DE:*47-700280-PALHA/ PARA:164961p  
[2023-09-27 20:17:20] local.INFO: SKU Correlacionado DE:*47-8188-SOFIE/ PARA:154386p  
[2023-09-27 20:17:20] local.INFO: SKU Correlacionado DE:*47-8195-DOROTHY/ PARA:154387p  
[2023-09-27 20:17:20] local.INFO: SKU Correlacionado DE:*47-8833/ PARA:152637p  
[2023-09-27 20:17:20] local.INFO: SKU Correlacionado DE:*47-8896/ PARA:152634p  
[2023-09-27 20:17:20] local.INFO: SKU Correlacionado DE:*47-8897/ PARA:152636p  
[2023-09-27 20:17:20] local.INFO: SKU Correlacionado DE:*47-8941-ROSA/ PARA:154001p  
[2023-09-27 20:17:20] local.INFO: SKU Correlacionado DE:*47-8944-ROSA/ PARA:154003p  
[2023-09-27 20:17:20] local.INFO: SKU Correlacionado DE:*47-918-04/ PARA:167562p  
[2023-09-27 20:17:20] local.INFO: SKU Correlacionado DE:*47-918-50/ PARA:167563p  
[2023-09-27 20:17:20] local.INFO: SKU Correlacionado DE:*47-918-65/ PARA:167564p  
[2023-09-27 20:17:20] local.INFO: SKU Correlacionado DE:*60-163262/ PARA:160135p  
[2023-09-27 20:17:20] local.INFO: SKU Correlacionado DE:*60-99813/ PARA:160136p  
[2023-09-28 13:47:04] local.INFO: SKU Correlacionado DE:*03-300280/ PARA:159847p  
[2023-09-28 13:47:04] local.ERROR: *03-3306  
[2023-09-28 13:47:04] local.INFO: SKU Correlacionado DE:*03-400280/ PARA:159848p  
[2023-09-28 13:47:04] local.INFO: SKU Correlacionado DE:*03-500280/ PARA:159849p  
[2023-09-28 13:47:04] local.INFO: SKU Correlacionado DE:*03-600280/ PARA:159850p  
[2023-09-28 13:47:04] local.INFO: SKU Correlacionado DE:*03-700280/ PARA:160259p  
[2023-09-28 13:47:04] local.INFO: SKU Correlacionado DE:*06-005-AVELA/ PARA:150430p  
[2023-09-28 13:47:04] local.ERROR: *06-005-MOSTARDA  
[2023-09-28 13:47:04] local.INFO: SKU Correlacionado DE:*06-005-PRETO/ PARA:150431p  
[2023-09-28 13:47:04] local.INFO: SKU Correlacionado DE:*06-005-TABACO/ PARA:150297p  
[2023-09-28 13:47:04] local.INFO: SKU Correlacionado DE:*06-005-VERMELHO/ PARA:150428p  
[2023-09-28 13:47:04] local.INFO: SKU Correlacionado DE:*06-005-VINHO/ PARA:150433p  
[2023-09-28 13:47:04] local.INFO: SKU Correlacionado DE:*06-007-BRANCO/ PARA:150562p  
[2023-09-28 13:47:04] local.INFO: SKU Correlacionado DE:*06-007-CAQUI/ PARA:156490p  
[2023-09-28 13:47:04] local.INFO: SKU Correlacionado DE:*06-007-PALHA/ PARA:153554p  
[2023-09-28 13:47:04] local.INFO: SKU Correlacionado DE:*06-007-PRETO/ PARA:153553p  
[2023-09-28 13:47:04] local.INFO: SKU Correlacionado DE:*06-008-BRANCO/ PARA:150563p  
[2023-09-28 13:47:04] local.INFO: SKU Correlacionado DE:*06-008-CAQUI/ PARA:156487p  
[2023-09-28 13:47:04] local.INFO: SKU Correlacionado DE:*06-008-Palha/ PARA:152710p  
[2023-09-28 13:47:04] local.INFO: SKU Correlacionado DE:*06-008-Preto/ PARA:152712p  
[2023-09-28 13:47:04] local.INFO: SKU Correlacionado DE:*06-009-Branco/ PARA:150564p  
[2023-09-28 13:47:04] local.INFO: SKU Correlacionado DE:*06-009-CAQUI/ PARA:156488p  
[2023-09-28 13:47:04] local.INFO: SKU Correlacionado DE:*06-009-Palha/ PARA:152700p  
[2023-09-28 13:47:04] local.INFO: SKU Correlacionado DE:*06-009-Preto/ PARA:152701p  
[2023-09-28 13:47:04] local.ERROR: *06-009-VERMELHO  
[2023-09-28 13:47:04] local.INFO: SKU Correlacionado DE:*06-010-BRANCO/ PARA:150565p  
[2023-09-28 13:47:04] local.INFO: SKU Correlacionado DE:*06-010-CAQUI/ PARA:156489p  
[2023-09-28 13:47:04] local.INFO: SKU Correlacionado DE:*06-010-Palha/ PARA:152702p  
[2023-09-28 13:47:04] local.ERROR: *06-010-TABACO  
[2023-09-28 13:47:04] local.INFO: SKU Correlacionado DE:*06-0101-COFFEE/ PARA:153485p  
[2023-09-28 13:47:04] local.INFO: SKU Correlacionado DE:*06-011-AREIA/ PARA:150965p  
[2023-09-28 13:47:04] local.INFO: SKU Correlacionado DE:*06-011-Avela3/ PARA:150730p  
[2023-09-28 13:47:04] local.INFO: SKU Correlacionado DE:*06-011-Azul6/ PARA:150733p  
[2023-09-28 13:47:04] local.INFO: SKU Correlacionado DE:*06-011-Cinza5/ PARA:150732p  
[2023-09-28 13:47:04] local.INFO: SKU Correlacionado DE:*06-011-LILAS/ PARA:150966p  
[2023-09-28 13:47:04] local.INFO: SKU Correlacionado DE:*06-011-Mostarda10/ PARA:150967p  
[2023-09-28 13:47:04] local.INFO: SKU Correlacionado DE:*06-011-PINK/ PARA:151395p  
[2023-09-28 13:47:04] local.INFO: SKU Correlacionado DE:*06-011-Preto7/ PARA:150734p  
[2023-09-28 13:47:04] local.INFO: SKU Correlacionado DE:*06-011-Rosa11/ PARA:150968p  
[2023-09-28 13:47:04] local.ERROR: *06-011-Roxo  
[2023-09-28 13:47:04] local.INFO: SKU Correlacionado DE:*06-011-Tabaco2/ PARA:150608p  
[2023-09-28 13:47:04] local.INFO: SKU Correlacionado DE:*06-011-Verde1/ PARA:150607p  
[2023-09-28 13:47:04] local.INFO: SKU Correlacionado DE:*06-011-Vermelho/ PARA:150606p  
[2023-09-28 13:47:04] local.INFO: SKU Correlacionado DE:*06-011-Vinho4/ PARA:150731p  
[2023-09-28 13:47:04] local.INFO: SKU Correlacionado DE:*06-021-AREIA/ PARA:150970p  
[2023-09-28 13:47:04] local.INFO: SKU Correlacionado DE:*06-021-Avela2/ PARA:150972p  
[2023-09-28 13:47:04] local.INFO: SKU Correlacionado DE:*06-021-AZUL1/ PARA:150971p  
[2023-09-28 13:47:04] local.INFO: SKU Correlacionado DE:*06-021-Cinza3/ PARA:150973p  
[2023-09-28 13:47:04] local.INFO: SKU Correlacionado DE:*06-021-Lilas4/ PARA:150974p  
[2023-09-28 13:47:04] local.INFO: SKU Correlacionado DE:*06-021-Mostarda5/ PARA:150975p  
[2023-09-28 13:47:04] local.INFO: SKU Correlacionado DE:*06-021-PINK/ PARA:151400p  
[2023-09-28 13:47:04] local.INFO: SKU Correlacionado DE:*06-021-Preto6/ PARA:150976p  
[2023-09-28 13:47:04] local.INFO: SKU Correlacionado DE:*06-021-Rosa7/ PARA:150977p  
[2023-09-28 13:47:04] local.ERROR: *06-021-Roxo8  
[2023-09-28 13:47:04] local.INFO: SKU Correlacionado DE:*06-021-Tabaco9/ PARA:150979p  
[2023-09-28 13:47:04] local.INFO: SKU Correlacionado DE:*06-021-Verde11/ PARA:150981p  
[2023-09-28 13:47:04] local.INFO: SKU Correlacionado DE:*06-021-VERMELHO/ PARA:150980p  
[2023-09-28 13:47:04] local.INFO: SKU Correlacionado DE:*06-021-Vinho12/ PARA:150982p  
[2023-09-28 13:47:04] local.INFO: SKU Correlacionado DE:*06-028-AREIA/ PARA:151402p  
[2023-09-28 13:47:04] local.INFO: SKU Correlacionado DE:*06-028-Azul/ PARA:151403p  
[2023-09-28 13:47:04] local.INFO: SKU Correlacionado DE:*06-028-Cinza/ PARA:151404p  
[2023-09-28 13:47:04] local.INFO: SKU Correlacionado DE:*06-028-Lilas/ PARA:151409p  
[2023-09-28 13:47:04] local.INFO: SKU Correlacionado DE:*06-028-Mostarda/ PARA:151410p  
[2023-09-28 13:47:04] local.INFO: SKU Correlacionado DE:*06-028-Pink/ PARA:151401p  
[2023-09-28 13:47:04] local.INFO: SKU Correlacionado DE:*06-028-Preto/ PARA:151411p  
[2023-09-28 13:47:04] local.INFO: SKU Correlacionado DE:*06-028-Rosa/ PARA:151412p  
[2023-09-28 13:47:04] local.INFO: SKU Correlacionado DE:*06-028-Roxo/ PARA:151413p  
[2023-09-28 13:47:04] local.INFO: SKU Correlacionado DE:*06-028-Tabaco/ PARA:151414p  
[2023-09-28 13:47:04] local.INFO: SKU Correlacionado DE:*06-028-Tabaco1/ PARA:151415p  
[2023-09-28 13:47:04] local.INFO: SKU Correlacionado DE:*06-028-Verde/ PARA:151416p  
[2023-09-28 13:47:04] local.INFO: SKU Correlacionado DE:*06-028-Vermelho/ PARA:151417p  
[2023-09-28 13:47:05] local.INFO: SKU Correlacionado DE:*06-028-Vinho/ PARA:151418p  
[2023-09-28 13:47:05] local.INFO: SKU Correlacionado DE:*06-852-BRANCO/ PARA:152624p  
[2023-09-28 13:47:05] local.INFO: SKU Correlacionado DE:*06-852-ROSE/ PARA:152623p  
[2023-09-28 13:47:05] local.INFO: SKU Correlacionado DE:*10-025-AVELA/ PARA:150406p  
[2023-09-28 13:47:05] local.INFO: SKU Correlacionado DE:*10-025-CINZA/ PARA:150409p  
[2023-09-28 13:47:05] local.ERROR: *10-025-MOSTARDA  
[2023-09-28 13:47:05] local.INFO: SKU Correlacionado DE:*10-025-PRETO/ PARA:150412p  
[2023-09-28 13:47:05] local.INFO: SKU Correlacionado DE:*10-025-ROYAL/ PARA:150407p  
[2023-09-28 13:47:05] local.INFO: SKU Correlacionado DE:*10-025-TABACO/ PARA:150414p  
[2023-09-28 13:47:05] local.ERROR: *10-025-VERDE  
[2023-09-28 13:47:05] local.INFO: SKU Correlacionado DE:*10-025-VERMELHO/ PARA:150372p  
[2023-09-28 13:47:05] local.INFO: SKU Correlacionado DE:*10-025-VINHO/ PARA:150415p  
[2023-09-28 13:47:05] local.INFO: SKU Correlacionado DE:*14-001-AVELA/ PARA:168270p  
[2023-09-28 13:47:05] local.INFO: SKU Correlacionado DE:*14-001-TABACO/ PARA:168271p  
[2023-09-28 13:47:05] local.INFO: SKU Correlacionado DE:*14-002-AVELA/ PARA:168275p  
[2023-09-28 13:47:05] local.INFO: SKU Correlacionado DE:*14-002-TABACO/ PARA:168276p  
[2023-09-28 13:47:05] local.INFO: SKU Correlacionado DE:*14-002-VERMELHO/ PARA:168277p  
[2023-09-28 13:47:05] local.INFO: SKU Correlacionado DE:*14-002-VINHO/ PARA:168274p  
[2023-09-28 13:47:05] local.INFO: SKU Correlacionado DE:*14-003-AVELA/ PARA:168280p  
[2023-09-28 13:47:05] local.INFO: SKU Correlacionado DE:*14-003-TABACO/ PARA:168281p  
[2023-09-28 13:47:05] local.INFO: SKU Correlacionado DE:*14-003-VERMELHO/ PARA:168278p  
[2023-09-28 13:47:05] local.INFO: SKU Correlacionado DE:*14-003-VINHO/ PARA:168279p  
[2023-09-28 13:47:05] local.INFO: SKU Correlacionado DE:*147-018/ PARA:174934p  
[2023-09-28 13:47:05] local.INFO: SKU Correlacionado DE:*147-113-114-10/ PARA:172271p  
[2023-09-28 13:47:05] local.INFO: SKU Correlacionado DE:*32-217-TABACO/ PARA:153341p  
[2023-09-28 13:47:05] local.INFO: SKU Correlacionado DE:*47-002-JORNAL/ PARA:166007p  
[2023-09-28 13:47:05] local.INFO: SKU Correlacionado DE:*47-004-JORNAL/ PARA:166011p  
[2023-09-28 13:47:05] local.INFO: SKU Correlacionado DE:*47-08189-SOFIE/ PARA:154391p  
[2023-09-28 13:47:05] local.INFO: SKU Correlacionado DE:*47-08482-DOROTHY/ PARA:154390p  
[2023-09-28 13:47:05] local.INFO: SKU Correlacionado DE:*47-08485-FENOMENO/ PARA:154388p  
[2023-09-28 13:47:05] local.INFO: SKU Correlacionado DE:*47-2052-DIVERSOS/ PARA:163223p  
[2023-09-28 13:47:05] local.INFO: SKU Correlacionado DE:*47-2053-DIVERSOS/ PARA:163224p  
[2023-09-28 13:47:05] local.INFO: SKU Correlacionado DE:*47-2430/ PARA:162245p  
[2023-09-28 13:47:05] local.INFO: SKU Correlacionado DE:*47-2432/ PARA:162247p  
[2023-09-28 13:47:05] local.INFO: SKU Correlacionado DE:*47-2435/ PARA:162258p  
[2023-09-28 13:47:05] local.INFO: SKU Correlacionado DE:*47-2438/ PARA:162261p  
[2023-09-28 13:47:05] local.INFO: SKU Correlacionado DE:*47-2441/ PARA:162264p  
[2023-09-28 13:47:05] local.INFO: SKU Correlacionado DE:*47-2444/ PARA:162276p  
[2023-09-28 13:47:05] local.INFO: SKU Correlacionado DE:*47-2541/ PARA:163673p  
[2023-09-28 13:47:05] local.INFO: SKU Correlacionado DE:*47-2542/ PARA:163674p  
[2023-09-28 13:47:05] local.INFO: SKU Correlacionado DE:*47-2566-08/ PARA:164418p  
[2023-09-28 13:47:05] local.INFO: SKU Correlacionado DE:*47-2566-09/ PARA:164407p  
[2023-09-28 13:47:05] local.INFO: SKU Correlacionado DE:*47-2566-10/ PARA:164410p  
[2023-09-28 13:47:05] local.INFO: SKU Correlacionado DE:*47-2566-20/ PARA:164409p  
[2023-09-28 13:47:05] local.INFO: SKU Correlacionado DE:*47-2566-38/ PARA:164414p  
[2023-09-28 13:47:05] local.INFO: SKU Correlacionado DE:*47-2566-40/ PARA:164415p  
[2023-09-28 13:47:05] local.INFO: SKU Correlacionado DE:*47-2566-41/ PARA:164417p  
[2023-09-28 13:47:05] local.INFO: SKU Correlacionado DE:*47-2566-44/ PARA:164419p  
[2023-09-28 13:47:05] local.INFO: SKU Correlacionado DE:*47-2566-50/ PARA:164447p  
[2023-09-28 13:47:05] local.INFO: SKU Correlacionado DE:*47-2566-53/ PARA:164420p  
[2023-09-28 13:47:05] local.INFO: SKU Correlacionado DE:*47-2602-CAQUI/ PARA:154150p  
[2023-09-28 13:47:05] local.INFO: SKU Correlacionado DE:*47-2602-GELO/ PARA:154151p  
[2023-09-28 13:47:05] local.INFO: SKU Correlacionado DE:*47-2602-PALHA/ PARA:154149p  
[2023-09-28 13:47:05] local.INFO: SKU Correlacionado DE:*47-2642/ PARA:165874p  
[2023-09-28 13:47:05] local.INFO: SKU Correlacionado DE:*47-2643/ PARA:165878p  
[2023-09-28 13:47:05] local.INFO: SKU Correlacionado DE:*47-2644/ PARA:165879p  
[2023-09-28 13:47:05] local.INFO: SKU Correlacionado DE:*47-2646/ PARA:165881p  
[2023-09-28 13:47:05] local.INFO: SKU Correlacionado DE:*47-2647/ PARA:165882p  
[2023-09-28 13:47:05] local.INFO: SKU Correlacionado DE:*47-2649/ PARA:165883p  
[2023-09-28 13:47:05] local.INFO: SKU Correlacionado DE:*47-2651/ PARA:165885p  
[2023-09-28 13:47:05] local.INFO: SKU Correlacionado DE:*47-2653/ PARA:166618p  
[2023-09-28 13:47:05] local.INFO: SKU Correlacionado DE:*47-2654/ PARA:166648p  
[2023-09-28 13:47:05] local.INFO: SKU Correlacionado DE:*47-2656/ PARA:166650p  
[2023-09-28 13:47:05] local.INFO: SKU Correlacionado DE:*47-2657/ PARA:166651p  
[2023-09-28 13:47:05] local.INFO: SKU Correlacionado DE:*47-2659/ PARA:166653p  
[2023-09-28 13:47:05] local.INFO: SKU Correlacionado DE:*47-2660/ PARA:166654p  
[2023-09-28 13:47:05] local.INFO: SKU Correlacionado DE:*47-300280-GELO/ PARA:164957p  
[2023-09-28 13:47:05] local.INFO: SKU Correlacionado DE:*47-300280-PALHA/ PARA:164209p  
[2023-09-28 13:47:05] local.INFO: SKU Correlacionado DE:*47-305-PINK/ PARA:167085p  
[2023-09-28 13:47:05] local.INFO: SKU Correlacionado DE:*47-305-ROSA/ PARA:167084p  
[2023-09-28 13:47:05] local.INFO: SKU Correlacionado DE:*47-322-ROSA/ PARA:167079p  
[2023-09-28 13:47:05] local.INFO: SKU Correlacionado DE:*47-3303/ PARA:160260p  
[2023-09-28 13:47:05] local.INFO: SKU Correlacionado DE:*47-3304/ PARA:160264p  
[2023-09-28 13:47:05] local.INFO: SKU Correlacionado DE:*47-3305/ PARA:160269p  
[2023-09-28 13:47:05] local.INFO: SKU Correlacionado DE:*47-3307/ PARA:160271p  
[2023-09-28 13:47:05] local.INFO: SKU Correlacionado DE:*47-400280-GELO/ PARA:164958p  
[2023-09-28 13:47:05] local.INFO: SKU Correlacionado DE:*47-400280-PALHA/ PARA:164206p  
[2023-09-28 13:47:05] local.INFO: SKU Correlacionado DE:*47-500280-GELO/ PARA:163252p  
[2023-09-28 13:47:05] local.INFO: SKU Correlacionado DE:*47-500280-PALHA/ PARA:164959p  
[2023-09-28 13:47:05] local.INFO: SKU Correlacionado DE:*47-5040-AZUL/ PARA:159359p  
[2023-09-28 13:47:05] local.INFO: SKU Correlacionado DE:*47-5040-FLORTABACO/ PARA:159368p  
[2023-09-28 13:47:05] local.INFO: SKU Correlacionado DE:*47-5040-JORNAL/ PARA:159364p  
[2023-09-28 13:47:05] local.INFO: SKU Correlacionado DE:*47-5043-JORNAL/ PARA:163245p  
[2023-09-28 13:47:05] local.INFO: SKU Correlacionado DE:*47-5044-DOROTHY/ PARA:163253p  
[2023-09-28 13:47:05] local.INFO: SKU Correlacionado DE:*47-5044-FENOMENO/ PARA:163254p  
[2023-09-28 13:47:05] local.INFO: SKU Correlacionado DE:*47-5044-SOFIE/ PARA:163255p  
[2023-09-28 13:47:05] local.INFO: SKU Correlacionado DE:*47-5045-CINZA/ PARA:166503p  
[2023-09-28 13:47:05] local.INFO: SKU Correlacionado DE:*47-5045-TABACO/ PARA:166598p  
[2023-09-28 13:47:05] local.INFO: SKU Correlacionado DE:*47-5045-VERMELHO/ PARA:166502p  
[2023-09-28 13:47:05] local.ERROR: *47-5047-Vermelho  
[2023-09-28 13:47:05] local.INFO: SKU Correlacionado DE:*47-5048-CAQUI/ PARA:168265p  
[2023-09-28 13:47:05] local.INFO: SKU Correlacionado DE:*47-5048-CINZA/ PARA:166545p  
[2023-09-28 13:47:05] local.INFO: SKU Correlacionado DE:*47-5048-MARINHO/ PARA:168266p  
[2023-09-28 13:47:05] local.INFO: SKU Correlacionado DE:*47-5048-PINK/ PARA:168269p  
[2023-09-28 13:47:05] local.INFO: SKU Correlacionado DE:*47-5048-PRETO/ PARA:168268p  
[2023-09-28 13:47:05] local.INFO: SKU Correlacionado DE:*47-5048-ROSE/ PARA:166754p  
[2023-09-28 13:47:05] local.INFO: SKU Correlacionado DE:*47-5048-TABACO/ PARA:166599p  
[2023-09-28 13:47:05] local.INFO: SKU Correlacionado DE:*47-5048-VERMELHO/ PARA:166544p  
[2023-09-28 13:47:05] local.INFO: SKU Correlacionado DE:*47-5055-11/ PARA:168581p  
[2023-09-28 13:47:05] local.INFO: SKU Correlacionado DE:*47-5055-43/ PARA:168572p  
[2023-09-28 13:47:05] local.INFO: SKU Correlacionado DE:*47-5056-11/ PARA:168775p  
[2023-09-28 13:47:05] local.INFO: SKU Correlacionado DE:*47-5056-43/ PARA:168591p  
[2023-09-28 13:47:05] local.INFO: SKU Correlacionado DE:*47-5059-25/ PARA:167799p  
[2023-09-28 13:47:05] local.INFO: SKU Correlacionado DE:*47-506-04/ PARA:167532p  
[2023-09-28 13:47:05] local.INFO: SKU Correlacionado DE:*47-506-41/ PARA:167530p  
[2023-09-28 13:47:05] local.INFO: SKU Correlacionado DE:*47-5060-04/ PARA:169019p  
[2023-09-28 13:47:05] local.INFO: SKU Correlacionado DE:*47-5060-43/ PARA:169021p  
[2023-09-28 13:47:05] local.INFO: SKU Correlacionado DE:*47-5060-51/ PARA:167845p  
[2023-09-28 13:47:05] local.ERROR: *47-5062-71  
[2023-09-28 13:47:05] local.INFO: SKU Correlacionado DE:*47-5063-60/ PARA:168957p  
[2023-09-28 13:47:05] local.INFO: SKU Correlacionado DE:*47-5063-64/ PARA:168962p  
[2023-09-28 13:47:05] local.INFO: SKU Correlacionado DE:*47-5063-70/ PARA:168963p  
[2023-09-28 13:47:05] local.INFO: SKU Correlacionado DE:*47-5063-71/ PARA:168964p  
[2023-09-28 13:47:05] local.ERROR: *47-5064-60  
[2023-09-28 13:47:05] local.INFO: SKU Correlacionado DE:*47-5064-64/ PARA:168967p  
[2023-09-28 13:47:05] local.ERROR: *47-5064-70  
[2023-09-28 13:47:05] local.INFO: SKU Correlacionado DE:*47-5064-71/ PARA:168969p  
[2023-09-28 13:47:05] local.INFO: SKU Correlacionado DE:*47-507-40/ PARA:167535p  
[2023-09-28 13:47:05] local.INFO: SKU Correlacionado DE:*47-5085-10/ PARA:172004p  
[2023-09-28 13:47:05] local.INFO: SKU Correlacionado DE:*47-5085-24/ PARA:174918p  
[2023-09-28 13:47:05] local.INFO: SKU Correlacionado DE:*47-5085-41/ PARA:174941p  
[2023-09-28 13:47:05] local.INFO: SKU Correlacionado DE:*47-5086-10/ PARA:172018p  
[2023-09-28 13:47:05] local.INFO: SKU Correlacionado DE:*47-5086-24/ PARA:174920p  
[2023-09-28 13:47:05] local.INFO: SKU Correlacionado DE:*47-5086-41/ PARA:174942p  
[2023-09-28 13:47:05] local.INFO: SKU Correlacionado DE:*47-5087-10/ PARA:172019p  
[2023-09-28 13:47:05] local.INFO: SKU Correlacionado DE:*47-5087-24/ PARA:174921p  
[2023-09-28 13:47:05] local.INFO: SKU Correlacionado DE:*47-5087-41/ PARA:174943p  
[2023-09-28 13:47:05] local.INFO: SKU Correlacionado DE:*47-5088-10/ PARA:172020p  
[2023-09-28 13:47:05] local.INFO: SKU Correlacionado DE:*47-5088-24/ PARA:174922p  
[2023-09-28 13:47:05] local.INFO: SKU Correlacionado DE:*47-5088-41/ PARA:174944p  
[2023-09-28 13:47:05] local.INFO: SKU Correlacionado DE:*47-600280-PALHA/ PARA:164207p  
[2023-09-28 13:47:05] local.INFO: SKU Correlacionado DE:*47-700280-GELO/ PARA:164962p  
[2023-09-28 13:47:05] local.INFO: SKU Correlacionado DE:*47-700280-PALHA/ PARA:164961p  
[2023-09-28 13:47:05] local.INFO: SKU Correlacionado DE:*47-8188-SOFIE/ PARA:154386p  
[2023-09-28 13:47:05] local.INFO: SKU Correlacionado DE:*47-8195-DOROTHY/ PARA:154387p  
[2023-09-28 13:47:05] local.INFO: SKU Correlacionado DE:*47-8833/ PARA:152637p  
[2023-09-28 13:47:05] local.INFO: SKU Correlacionado DE:*47-8896/ PARA:152634p  
[2023-09-28 13:47:05] local.INFO: SKU Correlacionado DE:*47-8897/ PARA:152636p  
[2023-09-28 13:47:05] local.INFO: SKU Correlacionado DE:*47-8941-ROSA/ PARA:154001p  
[2023-09-28 13:47:05] local.INFO: SKU Correlacionado DE:*47-8944-ROSA/ PARA:154003p  
[2023-09-28 13:47:05] local.INFO: SKU Correlacionado DE:*47-918-04/ PARA:167562p  
[2023-09-28 13:47:05] local.INFO: SKU Correlacionado DE:*47-918-50/ PARA:167563p  
[2023-09-28 13:47:05] local.INFO: SKU Correlacionado DE:*47-918-65/ PARA:167564p  
[2023-09-28 13:47:05] local.INFO: SKU Correlacionado DE:*60-163262/ PARA:160135p  
[2023-09-28 13:47:05] local.INFO: SKU Correlacionado DE:*60-99813/ PARA:160136p  
[2023-09-28 13:47:09] local.ERROR: *03-3306  
[2023-09-28 13:47:09] local.ERROR: *06-005-MOSTARDA  
[2023-09-28 13:47:09] local.ERROR: *06-009-VERMELHO  
[2023-09-28 13:47:09] local.ERROR: *06-010-TABACO  
[2023-09-28 13:47:09] local.ERROR: *06-011-Roxo  
[2023-09-28 13:47:09] local.ERROR: *06-021-Roxo8  
[2023-09-28 13:47:09] local.ERROR: *10-025-MOSTARDA  
[2023-09-28 13:47:09] local.ERROR: *10-025-VERDE  
[2023-09-28 13:47:09] local.ERROR: *47-5047-Vermelho  
[2023-09-28 13:47:09] local.ERROR: *47-5062-71  
[2023-09-28 13:47:09] local.ERROR: *47-5064-60  
[2023-09-28 13:47:09] local.ERROR: *47-5064-70  
